<?xml version="1.0" encoding="UTF-8"?>
<testsuite xmlns:xsi="http://www.w3.org/2001/XMLSchema-instance" xsi:noNamespaceSchemaLocation="https://maven.apache.org/surefire/maven-surefire-plugin/xsd/surefire-test-report-3.0.xsd" version="3.0" name="TestSuite" time="35.5" tests="5" errors="0" skipped="0" failures="1">
  <properties>
[...]
</properties>
  <testcase name="runScenario[&quot;Invalid Login&quot;, &quot;Invalid Login&quot;](1)" classname="runners.TestRunner" time="6.674">
    <system-out><![CDATA[
Scenario Outline: Invalid Login         &amp#27;[90m# resources/features/Login.feature:10&amp#27;[0m
  &amp#27;[32mGiven &amp#27;[0m&amp#27;[32muser is on login page&amp#27;[0m           &amp#27;[90m# stepdefinitions.Steps.openApp()&amp#27;[0m
  &amp#27;[32mWhen &amp#27;[0m&amp#27;[32muser enters &amp#27;[0m&amp#27;[32m&amp#27;[1m"user1"&amp#27;[0m&amp#27;[32m and &amp#27;[0m&amp#27;[32m&amp#27;[1m"wrong1"&amp#27;[0m &amp#27;[90m# stepdefinitions.Steps.invalidLogin(java.lang.String,java.lang.String)&amp#27;[0m
Error validated
  &amp#27;[32mThen &amp#27;[0m&amp#27;[32merror should be displayed&amp#27;[0m        &amp#27;[90m# stepdefinitions.Steps.verifyError()&amp#27;[0m
]]></system-out>
    <system-err><![CDATA[SLF4J: Failed to load class "org.slf4j.impl.StaticLoggerBinder".
SLF4J: Defaulting to no-operation (NOP) logger implementation
SLF4J: See http://www.slf4j.org/codes.html#StaticLoggerBinder for further details.
Apr 29, 2026 5:29:23 PM org.openqa.selenium.devtools.CdpVersionFinder findNearestMatch
WARNING: Unable to find CDP implementation matching 147
Apr 29, 2026 5:29:23 PM org.openqa.selenium.chromium.ChromiumDriver lambda$new$5
WARNING: Unable to find version of CDP to use for 147.0.7727.137. You may need to include a dependency on a specific version of the CDP using something similar to `org.seleniumhq.selenium:selenium-devtools-v86:4.21.0` where the version ("v86") matches the version of the chromium-based browser you're using and the version number of the artifact is the same as Selenium's.
]]></system-err>
  </testcase>
  <testcase name="runScenario[&quot;Invalid Login&quot;, &quot;Invalid Login&quot;](2)" classname="runners.TestRunner" time="4.301">
    <system-out><![CDATA[
Scenario Outline: Invalid Login         &amp#27;[90m# resources/features/Login.feature:11&amp#27;[0m
  &amp#27;[32mGiven &amp#27;[0m&amp#27;[32muser is on login page&amp#27;[0m           &amp#27;[90m# stepdefinitions.Steps.openApp()&amp#27;[0m
  &amp#27;[32mWhen &amp#27;[0m&amp#27;[32muser enters &amp#27;[0m&amp#27;[32m&amp#27;[1m"user2"&amp#27;[0m&amp#27;[32m and &amp#27;[0m&amp#27;[32m&amp#27;[1m"wrong2"&amp#27;[0m &amp#27;[90m# stepdefinitions.Steps.invalidLogin(java.lang.String,java.lang.String)&amp#27;[0m
Error validated
  &amp#27;[32mThen &amp#27;[0m&amp#27;[32merror should be displayed&amp#27;[0m        &amp#27;[90m# stepdefinitions.Steps.verifyError()&amp#27;[0m
]]></system-out>
    <system-err><![CDATA[Apr 29, 2026 5:29:27 PM org.openqa.selenium.devtools.CdpVersionFinder findNearestMatch
WARNING: Unable to find CDP implementation matching 147
Apr 29, 2026 5:29:27 PM org.openqa.selenium.chromium.ChromiumDriver lambda$new$5
WARNING: Unable to find version of CDP to use for 147.0.7727.137. You may need to include a dependency on a specific version of the CDP using something similar to `org.seleniumhq.selenium:selenium-devtools-v86:4.21.0` where the version ("v86") matches the version of the chromium-based browser you're using and the version number of the artifact is the same as Selenium's.
]]></system-err>
  </testcase>
  <testcase name="runScenario[&quot;Invalid Login&quot;, &quot;Invalid Login&quot;](3)" classname="runners.TestRunner" time="3.939">
    <system-out><![CDATA[
Scenario Outline: Invalid Login         &amp#27;[90m# resources/features/Login.feature:12&amp#27;[0m
  &amp#27;[32mGiven &amp#27;[0m&amp#27;[32muser is on login page&amp#27;[0m           &amp#27;[90m# stepdefinitions.Steps.openApp()&amp#27;[0m
  &amp#27;[32mWhen &amp#27;[0m&amp#27;[32muser enters &amp#27;[0m&amp#27;[32m&amp#27;[1m"user3"&amp#27;[0m&amp#27;[32m and &amp#27;[0m&amp#27;[32m&amp#27;[1m"wrong3"&amp#27;[0m &amp#27;[90m# stepdefinitions.Steps.invalidLogin(java.lang.String,java.lang.String)&amp#27;[0m
Error validated
  &amp#27;[32mThen &amp#27;[0m&amp#27;[32merror should be displayed&amp#27;[0m        &amp#27;[90m# stepdefinitions.Steps.verifyError()&amp#27;[0m
]]></system-out>
    <system-err><![CDATA[Apr 29, 2026 5:29:31 PM org.openqa.selenium.devtools.CdpVersionFinder findNearestMatch
WARNING: Unable to find CDP implementation matching 147
Apr 29, 2026 5:29:31 PM org.openqa.selenium.chromium.ChromiumDriver lambda$new$5
WARNING: Unable to find version of CDP to use for 147.0.7727.137. You may need to include a dependency on a specific version of the CDP using something similar to `org.seleniumhq.selenium:selenium-devtools-v86:4.21.0` where the version ("v86") matches the version of the chromium-based browser you're using and the version number of the artifact is the same as Selenium's.
]]></system-err>
  </testcase>
  <testcase name="runScenario[&quot;Invalid Login&quot;, &quot;Invalid Login&quot;](4)" classname="runners.TestRunner" time="4.0">
    <system-out><![CDATA[
Scenario Outline: Invalid Login         &amp#27;[90m# resources/features/Login.feature:13&amp#27;[0m
  &amp#27;[32mGiven &amp#27;[0m&amp#27;[32muser is on login page&amp#27;[0m           &amp#27;[90m# stepdefinitions.Steps.openApp()&amp#27;[0m
  &amp#27;[32mWhen &amp#27;[0m&amp#27;[32muser enters &amp#27;[0m&amp#27;[32m&amp#27;[1m"user4"&amp#27;[0m&amp#27;[32m and &amp#27;[0m&amp#27;[32m&amp#27;[1m"wrong4"&amp#27;[0m &amp#27;[90m# stepdefinitions.Steps.invalidLogin(java.lang.String,java.lang.String)&amp#27;[0m
Error validated
  &amp#27;[32mThen &amp#27;[0m&amp#27;[32merror should be displayed&amp#27;[0m        &amp#27;[90m# stepdefinitions.Steps.verifyError()&amp#27;[0m
]]></system-out>
    <system-err><![CDATA[Apr 29, 2026 5:29:35 PM org.openqa.selenium.devtools.CdpVersionFinder findNearestMatch
WARNING: Unable to find CDP implementation matching 147
Apr 29, 2026 5:29:35 PM org.openqa.selenium.chromium.ChromiumDriver lambda$new$5
WARNING: Unable to find version of CDP to use for 147.0.7727.137. You may need to include a dependency on a specific version of the CDP using something similar to `org.seleniumhq.selenium:selenium-devtools-v86:4.21.0` where the version ("v86") matches the version of the chromium-based browser you're using and the version number of the artifact is the same as Selenium's.
]]></system-err>
  </testcase>
  <testcase name="runScenario[&quot;Successful purchase&quot;, &quot;Checkout Flow&quot;](5)" classname="runners.TestRunner" time="14.979">
    <failure message="Expected condition failed: waiting for url to contain &quot;cart&quot;. Current url: &quot;https://www.saucedemo.com/inventory.html&quot; (tried for 10 second(s) with 500 milliseconds interval)&#10;Build info: version: &apos;4.21.0&apos;, revision: &apos;79ed462ef4&apos;&#10;System info: os.name: &apos;Windows 10&apos;, os.arch: &apos;amd64&apos;, os.version: &apos;10.0&apos;, java.version: &apos;26.0.1&apos;&#10;Driver info: org.openqa.selenium.chrome.ChromeDriver&#10;Capabilities {acceptInsecureCerts: false, browserName: chrome, browserVersion: 147.0.7727.137, chrome: {chromedriverVersion: 147.0.7727.117 (474cc805edd..., userDataDir: C:\Users\venka\AppData\Loca...}, fedcm:accounts: true, goog:chromeOptions: {debuggerAddress: localhost:58053}, goog:processID: 35888, networkConnectionEnabled: false, pageLoadStrategy: normal, platformName: windows, proxy: Proxy(), se:cdp: ws://localhost:58053/devtoo..., se:cdpVersion: 147.0.7727.137, setWindowRect: true, strictFileInteractability: false, timeouts: {implicit: 0, pageLoad: 300000, script: 30000}, unhandledPromptBehavior: dismiss and notify, webauthn:extension:credBlob: true, webauthn:extension:largeBlob: true, webauthn:extension:minPinLength: true, webauthn:extension:prf: true, webauthn:virtualAuthenticators: true}&#10;Session ID: 3bfd22e1693ea962c5ccbd9f2262ad52" type="org.openqa.selenium.TimeoutException"><![CDATA[org.openqa.selenium.TimeoutException: 
Expected condition failed: waiting for url to contain "cart". Current url: "https://www.saucedemo.com/inventory.html" (tried for 10 second(s) with 500 milliseconds interval)
Build info: version: '4.21.0', revision: '79ed462ef4'
System info: os.name: 'Windows 10', os.arch: 'amd64', os.version: '10.0', java.version: '26.0.1'
Driver info: org.openqa.selenium.chrome.ChromeDriver
Capabilities {acceptInsecureCerts: false, browserName: chrome, browserVersion: 147.0.7727.137, chrome: {chromedriverVersion: 147.0.7727.117 (474cc805edd..., userDataDir: C:\Users\venka\AppData\Loca...}, fedcm:accounts: true, goog:chromeOptions: {debuggerAddress: localhost:58053}, goog:processID: 35888, networkConnectionEnabled: false, pageLoadStrategy: normal, platformName: windows, proxy: Proxy(), se:cdp: ws://localhost:58053/devtoo..., se:cdpVersion: 147.0.7727.137, setWindowRect: true, strictFileInteractability: false, timeouts: {implicit: 0, pageLoad: 300000, script: 30000}, unhandledPromptBehavior: dismiss and notify, webauthn:extension:credBlob: true, webauthn:extension:largeBlob: true, webauthn:extension:minPinLength: true, webauthn:extension:prf: true, webauthn:virtualAuthenticators: true}
Session ID: 3bfd22e1693ea962c5ccbd9f2262ad52
	at org.openqa.selenium.support.ui.WebDriverWait.timeoutException(WebDriverWait.java:84)
	at org.openqa.selenium.support.ui.FluentWait.until(FluentWait.java:228)
	at stepdefinitions.Steps.cart(Steps.java:55)
	at ✽.user goes to cart(file:///C:/Users/venka/Downloads/sauce-demo-automation/sauce-demo-automation/resources/features/checkout.feature:8)
]]></failure>
    <system-out><![CDATA[
Scenario: Successful purchase              &amp#27;[90m# resources/features/checkout.feature:3&amp#27;[0m
  &amp#27;[32mGiven &amp#27;[0m&amp#27;[32muser is on login page&amp#27;[0m              &amp#27;[90m# stepdefinitions.Steps.openApp()&amp#27;[0m
  &amp#27;[32mWhen &amp#27;[0m&amp#27;[32muser logs in with valid credentials&amp#27;[0m &amp#27;[90m# stepdefinitions.Steps.validLogin()&amp#27;[0m
Logged in
  &amp#27;[32mThen &amp#27;[0m&amp#27;[32muser should be on products page&amp#27;[0m     &amp#27;[90m# stepdefinitions.Steps.verifyProducts()&amp#27;[0m
  &amp#27;[32mWhen &amp#27;[0m&amp#27;[32muser adds top two items&amp#27;[0m             &amp#27;[90m# stepdefinitions.Steps.addItems()&amp#27;[0m
  &amp#27;[31mAnd &amp#27;[0m&amp#27;[31muser goes to cart&amp#27;[0m                    &amp#27;[90m# stepdefinitions.Steps.cart()&amp#27;[0m
      &amp#27;[31morg.openqa.selenium.TimeoutException: Expected condition failed: waiting for url to contain "cart". Current url: "https://www.saucedemo.com/inventory.html" (tried for 10 second(s) with 500 milliseconds interval)
Build info: version: '4.21.0', revision: '79ed462ef4'
System info: os.name: 'Windows 10', os.arch: 'amd64', os.version: '10.0', java.version: '26.0.1'
Driver info: org.openqa.selenium.chrome.ChromeDriver
Capabilities {acceptInsecureCerts: false, browserName: chrome, browserVersion: 147.0.7727.137, chrome: {chromedriverVersion: 147.0.7727.117 (474cc805edd..., userDataDir: C:\Users\venka\AppData\Loca...}, fedcm:accounts: true, goog:chromeOptions: {debuggerAddress: localhost:58053}, goog:processID: 35888, networkConnectionEnabled: false, pageLoadStrategy: normal, platformName: windows, proxy: Proxy(), se:cdp: ws://localhost:58053/devtoo..., se:cdpVersion: 147.0.7727.137, setWindowRect: true, strictFileInteractability: false, timeouts: {implicit: 0, pageLoad: 300000, script: 30000}, unhandledPromptBehavior: dismiss and notify, webauthn:extension:credBlob: true, webauthn:extension:largeBlob: true, webauthn:extension:minPinLength: true, webauthn:extension:prf: true, webauthn:virtualAuthenticators: true}
Session ID: 3bfd22e1693ea962c5ccbd9f2262ad52
	at org.openqa.selenium.support.ui.WebDriverWait.timeoutException(WebDriverWait.java:84)
	at org.openqa.selenium.support.ui.FluentWait.until(FluentWait.java:228)
	at stepdefinitions.Steps.cart(Steps.java:55)
	at ✽.user goes to cart(file:///C:/Users/venka/Downloads/sauce-demo-automation/sauce-demo-automation/resources/features/checkout.feature:8)
&amp#27;[0m
  &amp#27;[36mAnd &amp#27;[0m&amp#27;[36muser proceeds to checkout&amp#27;[0m            &amp#27;[90m# stepdefinitions.Steps.checkout()&amp#27;[0m
  &amp#27;[36mAnd &amp#27;[0m&amp#27;[36muser fills form&amp#27;[0m                      &amp#27;[90m# stepdefinitions.Steps.fill()&amp#27;[0m
  &amp#27;[36mThen &amp#27;[0m&amp#27;[36muser should be on overview page&amp#27;[0m     &amp#27;[90m# stepdefinitions.Steps.overview()&amp#27;[0m
]]></system-out>
    <system-err><![CDATA[Apr 29, 2026 5:29:39 PM org.openqa.selenium.devtools.CdpVersionFinder findNearestMatch
WARNING: Unable to find CDP implementation matching 147
Apr 29, 2026 5:29:39 PM org.openqa.selenium.chromium.ChromiumDriver lambda$new$5
WARNING: Unable to find version of CDP to use for 147.0.7727.137. You may need to include a dependency on a specific version of the CDP using something similar to `org.seleniumhq.selenium:selenium-devtools-v86:4.21.0` where the version ("v86") matches the version of the chromium-based browser you're using and the version number of the artifact is the same as Selenium's.
]]></system-err>
  </testcase>
</testsuite>